c:\file\algorithmcpp\debug\algorithm.lib
c:\file\algorithmcpp\debug\algorithm.exp
c:\file\algorithmcpp\algorithm\debug\algorithm.pdb
c:\file\algorithmcpp\algorithm\debug\algorithm.idb
c:\file\algorithmcpp\algorithm\debug\trimmer.obj
c:\file\algorithmcpp\algorithm\debug\suffix_array.obj
c:\file\algorithmcpp\algorithm\debug\stopwatch_win32.obj
c:\file\algorithmcpp\algorithm\debug\stdrandom.obj
c:\file\algorithmcpp\algorithm\debug\point2d.obj
c:\file\algorithmcpp\algorithm\debug\memory_leak_tests.obj
c:\file\algorithmcpp\algorithm\debug\edge.obj
c:\file\algorithmcpp\algorithm\debug\directed_edge.obj
c:\file\algorithmcpp\algorithm\debug\date.obj
c:\file\algorithmcpp\algorithm\debug\counter.obj
c:\file\algorithmcpp\algorithm\debug\vc141.pdb
c:\file\algorithmcpp\algorithm\debug\vc141.idb
c:\file\algorithmcpp\debug\algorithm.exe
c:\file\algorithmcpp\debug\algorithm.ilk
c:\file\algorithmcpp\debug\algorithm.pdb
c:\file\algorithmcpp\algorithm\debug\algorithm.tlog\algorithm.write.1u.tlog
c:\file\algorithmcpp\algorithm\debug\algorithm.tlog\cl.command.1.tlog
c:\file\algorithmcpp\algorithm\debug\algorithm.tlog\cl.read.1.tlog
c:\file\algorithmcpp\algorithm\debug\algorithm.tlog\cl.write.1.tlog
c:\file\algorithmcpp\algorithm\debug\algorithm.tlog\lib-link.read.1.tlog
c:\file\algorithmcpp\algorithm\debug\algorithm.tlog\lib-link.write.1.tlog
c:\file\algorithmcpp\algorithm\debug\algorithm.tlog\lib.command.1.tlog
c:\file\algorithmcpp\algorithm\debug\algorithm.tlog\link.15608.delete.1.tlog
c:\file\algorithmcpp\algorithm\debug\algorithm.tlog\link.29688.delete.1.tlog
c:\file\algorithmcpp\algorithm\debug\algorithm.tlog\link.36292.delete.1.tlog
c:\file\algorithmcpp\algorithm\debug\algorithm.tlog\link.37788.delete.1.tlog
c:\file\algorithmcpp\algorithm\debug\algorithm.tlog\link.38968.delete.1.tlog
c:\file\algorithmcpp\algorithm\debug\algorithm.tlog\link.444.delete.1.tlog
c:\file\algorithmcpp\algorithm\debug\algorithm.tlog\link.58160.delete.1.tlog
c:\file\algorithmcpp\algorithm\debug\algorithm.tlog\link.68960.delete.1.tlog
c:\file\algorithmcpp\algorithm\debug\algorithm.tlog\link.7816.delete.1.tlog
c:\file\algorithmcpp\algorithm\debug\algorithm.tlog\link.8720.delete.1.tlog
c:\file\algorithmcpp\algorithm\debug\algorithm.tlog\link.command.1.tlog
c:\file\algorithmcpp\algorithm\debug\algorithm.tlog\link.delete.1.tlog
c:\file\algorithmcpp\algorithm\debug\algorithm.tlog\link.read.1.tlog
c:\file\algorithmcpp\algorithm\debug\algorithm.tlog\link.write.1.tlog
